<?xml version="1.0" encoding="UTF-8"?>
<testng-results skipped="0" failed="1" total="1" passed="0">
  <reporter-output>
  </reporter-output>
  <suite name="Default suite" duration-ms="188104" started-at="2014-10-01T12:03:45Z" finished-at="2014-10-01T12:06:53Z">
    <groups>
    </groups>
    <test name="Default test" duration-ms="188104" started-at="2014-10-01T12:03:45Z" finished-at="2014-10-01T12:06:53Z">
      <class name="com.gbm.cbdttestsctipts.GBM_TS5_CBDTEOD">
        <test-method status="FAIL" signature="CBDTEODTransaction()[pri:0, instance:com.gbm.cbdttestsctipts.GBM_TS5_CBDTEOD@2d14a694]" name="CBDTEODTransaction" duration-ms="166469" started-at="2014-10-01T17:33:45Z" finished-at="2014-10-01T17:36:31Z">
          <exception class="java.lang.AssertionError">
            <message>
              <![CDATA[Start EOD link is not visible]]>
            </message>
            <full-stacktrace>
              <![CDATA[java.lang.AssertionError: Start EOD link is not visible
	at org.testng.Assert.fail(Assert.java:94)
	at com.gbm.cbdttestsctipts.GBM_TS5_CBDTEOD.CBDTEODTransaction(GBM_TS5_CBDTEOD.java:45)
	at sun.reflect.NativeMethodAccessorImpl.invoke0(Native Method)
	at sun.reflect.NativeMethodAccessorImpl.invoke(Unknown Source)
	at sun.reflect.DelegatingMethodAccessorImpl.invoke(Unknown Source)
	at java.lang.reflect.Method.invoke(Unknown Source)
	at org.testng.internal.MethodInvocationHelper.invokeMethod(MethodInvocationHelper.java:84)
	at org.testng.internal.Invoker.invokeMethod(Invoker.java:714)
	at org.testng.internal.Invoker.invokeTestMethod(Invoker.java:901)
	at org.testng.internal.Invoker.invokeTestMethods(Invoker.java:1231)
	at org.testng.internal.TestMethodWorker.invokeTestMethods(TestMethodWorker.java:127)
	at org.testng.internal.TestMethodWorker.run(TestMethodWorker.java:111)
	at org.testng.TestRunner.privateRun(TestRunner.java:767)
	at org.testng.TestRunner.run(TestRunner.java:617)
	at org.testng.SuiteRunner.runTest(SuiteRunner.java:334)
	at org.testng.SuiteRunner.runSequentially(SuiteRunner.java:329)
	at org.testng.SuiteRunner.privateRun(SuiteRunner.java:291)
	at org.testng.SuiteRunner.run(SuiteRunner.java:240)
	at org.testng.SuiteRunnerWorker.runSuite(SuiteRunnerWorker.java:52)
	at org.testng.SuiteRunnerWorker.run(SuiteRunnerWorker.java:86)
	at org.testng.TestNG.runSuitesSequentially(TestNG.java:1224)
	at org.testng.TestNG.runSuitesLocally(TestNG.java:1149)
	at org.testng.TestNG.run(TestNG.java:1057)
	at org.testng.remote.RemoteTestNG.run(RemoteTestNG.java:111)
	at org.testng.remote.RemoteTestNG.initAndRun(RemoteTestNG.java:204)
	at org.testng.remote.RemoteTestNG.main(RemoteTestNG.java:175)
]]>
            </full-stacktrace>
          </exception> <!-- java.lang.AssertionError -->
          <reporter-output>
          </reporter-output>
        </test-method> <!-- CBDTEODTransaction -->
        <test-method status="PASS" signature="closeBrowser()[pri:0, instance:com.gbm.cbdttestsctipts.GBM_TS5_CBDTEOD@2d14a694]" name="closeBrowser" is-config="true" duration-ms="21625" started-at="2014-10-01T17:36:31Z" finished-at="2014-10-01T17:36:53Z">
          <reporter-output>
          </reporter-output>
        </test-method> <!-- closeBrowser -->
      </class> <!-- com.gbm.cbdttestsctipts.GBM_TS5_CBDTEOD -->
    </test> <!-- Default test -->
  </suite> <!-- Default suite -->
</testng-results>
